2025-11-03T00:13:35.149+08:00  WARN 39122 --- [scorestore] [HikariPool-1 housekeeper] com.zaxxer.hikari.pool.HikariPool        : HikariPool-1 - Thread starvation or clock leap detected (housekeeper delta=59m57s631ms).
2025-11-03T01:29:20.255+08:00  WARN 39122 --- [scorestore] [HikariPool-1 housekeeper] com.zaxxer.hikari.pool.HikariPool        : HikariPool-1 - Thread starvation or clock leap detected (housekeeper delta=1h15m45s106ms).
2025-11-03T02:50:07.994+08:00  WARN 39122 --- [scorestore] [HikariPool-1 housekeeper] com.zaxxer.hikari.pool.HikariPool        : HikariPool-1 - Thread starvation or clock leap detected (housekeeper delta=1h20m47s739ms).
2025-11-03T02:59:54.415+08:00  WARN 39122 --- [scorestore] [HikariPool-1 housekeeper] com.zaxxer.hikari.pool.HikariPool        : HikariPool-1 - Thread starvation or clock leap detected (housekeeper delta=9m46s420ms).
2025-11-03T04:16:02.981+08:00  WARN 39122 --- [scorestore] [HikariPool-1 housekeeper] com.zaxxer.hikari.pool.HikariPool        : HikariPool-1 - Thread starvation or clock leap detected (housekeeper delta=1h16m8s567ms).
2025-11-03T05:01:40.553+08:00  WARN 39122 --- [scorestore] [HikariPool-1 housekeeper] com.zaxxer.hikari.pool.HikariPool        : HikariPool-1 - Thread starvation or clock leap detected (housekeeper delta=45m37s572ms).
2025-11-03T06:02:46.429+08:00  WARN 39122 --- [scorestore] [HikariPool-1 housekeeper] com.zaxxer.hikari.pool.HikariPool        : HikariPool-1 - Thread starvation or clock leap detected (housekeeper delta=1h1m5s875ms).
2025-11-03T06:26:17.445+08:00  WARN 39122 --- [scorestore] [HikariPool-1 housekeeper] com.zaxxer.hikari.pool.HikariPool        : HikariPool-1 - Thread starvation or clock leap detected (housekeeper delta=23m31s16ms).
2025-11-03T07:16:38.457+08:00  WARN 39122 --- [scorestore] [HikariPool-1 housekeeper] com.zaxxer.hikari.pool.HikariPool        : HikariPool-1 - Thread starvation or clock leap detected (housekeeper delta=22m50s856ms).
2025-11-03T09:52:34.553+08:00  WARN 39122 --- [scorestore] [HikariPool-1 housekeeper] com.zaxxer.hikari.pool.HikariPool        : HikariPool-1 - Thread starvation or clock leap detected (housekeeper delta=15m54s699ms).
2025-11-03T11:10:11.919+08:00  WARN 39122 --- [scorestore] [HikariPool-1 housekeeper] com.zaxxer.hikari.pool.HikariPool        : HikariPool-1 - Thread starvation or clock leap detected (housekeeper delta=1h17m37s366ms).
2025-11-03T12:11:12.544+08:00  WARN 39122 --- [scorestore] [HikariPool-1 housekeeper] com.zaxxer.hikari.pool.HikariPool        : HikariPool-1 - Thread starvation or clock leap detected (housekeeper delta=1h1m626ms).
2025-11-03T13:12:24.957+08:00  WARN 39122 --- [scorestore] [HikariPool-1 housekeeper] com.zaxxer.hikari.pool.HikariPool        : HikariPool-1 - Thread starvation or clock leap detected (housekeeper delta=1h1m12s413ms).
2025-11-03T13:57:18.864+08:00  WARN 39122 --- [scorestore] [HikariPool-1 housekeeper] com.zaxxer.hikari.pool.HikariPool        : HikariPool-1 - Thread starvation or clock leap detected (housekeeper delta=44m53s907ms).
2025-11-03T15:12:05.993+08:00  WARN 39122 --- [scorestore] [HikariPool-1 housekeeper] com.zaxxer.hikari.pool.HikariPool        : HikariPool-1 - Thread starvation or clock leap detected (housekeeper delta=1h14m47s129ms).
2025-11-03T15:58:59.629+08:00  WARN 39122 --- [scorestore] [HikariPool-1 housekeeper] com.zaxxer.hikari.pool.HikariPool        : HikariPool-1 - Thread starvation or clock leap detected (housekeeper delta=46m53s636ms).
2025-11-03T16:43:10.108+08:00  WARN 39122 --- [scorestore] [HikariPool-1 housekeeper] com.zaxxer.hikari.pool.HikariPool        : HikariPool-1 - Thread starvation or clock leap detected (housekeeper delta=44m10s479ms).
2025-11-03T17:01:08.966+08:00  WARN 39122 --- [scorestore] [HikariPool-1 housekeeper] com.zaxxer.hikari.pool.HikariPool        : HikariPool-1 - Thread starvation or clock leap detected (housekeeper delta=17m58s857ms).
2025-11-03T19:01:38.593+08:00  WARN 39122 --- [scorestore] [HikariPool-1 housekeeper] com.zaxxer.hikari.pool.HikariPool        : HikariPool-1 - Thread starvation or clock leap detected (housekeeper delta=15m28s503ms).
2025-11-03T19:17:36.615+08:00  WARN 39122 --- [scorestore] [HikariPool-1 housekeeper] com.zaxxer.hikari.pool.HikariPool        : HikariPool-1 - Thread starvation or clock leap detected (housekeeper delta=15m27s999ms).
2025-11-03T19:35:34.465+08:00  WARN 39122 --- [scorestore] [HikariPool-1 housekeeper] com.zaxxer.hikari.pool.HikariPool        : HikariPool-1 - Thread starvation or clock leap detected (housekeeper delta=15m27s842ms).
2025-11-03T19:51:32.297+08:00  WARN 39122 --- [scorestore] [HikariPool-1 housekeeper] com.zaxxer.hikari.pool.HikariPool        : HikariPool-1 - Thread starvation or clock leap detected (housekeeper delta=15m27s834ms).
2025-11-03T20:09:30.163+08:00  WARN 39122 --- [scorestore] [HikariPool-1 housekeeper] com.zaxxer.hikari.pool.HikariPool        : HikariPool-1 - Thread starvation or clock leap detected (housekeeper delta=15m27s832ms).
2025-11-03T20:27:41.612+08:00  WARN 39122 --- [scorestore] [HikariPool-1 housekeeper] com.zaxxer.hikari.pool.HikariPool        : HikariPool-1 - Thread starvation or clock leap detected (housekeeper delta=15m41s419ms).
2025-11-03T20:45:17.060+08:00  WARN 39122 --- [scorestore] [HikariPool-1 housekeeper] com.zaxxer.hikari.pool.HikariPool        : HikariPool-1 - Thread starvation or clock leap detected (housekeeper delta=16m5s446ms).
2025-11-03T21:25:24.377+08:00  WARN 39122 --- [scorestore] [HikariPool-1 housekeeper] com.zaxxer.hikari.pool.HikariPool        : HikariPool-1 - Thread starvation or clock leap detected (housekeeper delta=1m6s915ms).
2025-11-03T21:26:25.641+08:00  WARN 39122 --- [scorestore] [HikariPool-1 housekeeper] com.zaxxer.hikari.pool.HikariPool        : HikariPool-1 - Thread starvation or clock leap detected (housekeeper delta=1m1s263ms).
2025-11-03T22:33:36.435+08:00  WARN 39122 --- [scorestore] [HikariPool-1 housekeeper] com.zaxxer.hikari.pool.HikariPool        : HikariPool-1 - Thread starvation or clock leap detected (housekeeper delta=16m40s411ms).
2025-11-03T22:56:28.326+08:00  WARN 39122 --- [scorestore] [HikariPool-1 housekeeper] com.zaxxer.hikari.pool.HikariPool        : HikariPool-1 - Thread starvation or clock leap detected (housekeeper delta=22m51s890ms).
2025-11-03T22:57:38.470+08:00  INFO 39122 --- [scorestore] [SpringApplicationShutdownHook] o.s.b.w.e.tomcat.GracefulShutdown        : Commencing graceful shutdown. Waiting for active requests to complete
2025-11-03T22:57:38.517+08:00  INFO 39122 --- [scorestore] [tomcat-shutdown] o.s.b.w.e.tomcat.GracefulShutdown        : Graceful shutdown complete
2025-11-03T22:57:38.644+08:00  INFO 39122 --- [scorestore] [SpringApplicationShutdownHook] j.LocalContainerEntityManagerFactoryBean : Closing JPA EntityManagerFactory for persistence unit 'default'
2025-11-03T22:57:38.835+08:00  INFO 39122 --- [scorestore] [SpringApplicationShutdownHook] com.zaxxer.hikari.HikariDataSource       : HikariPool-1 - Shutdown initiated...
2025-11-03T22:57:39.536+08:00  INFO 39122 --- [scorestore] [SpringApplicationShutdownHook] com.zaxxer.hikari.HikariDataSource       : HikariPool-1 - Shutdown completed.
